[2025-11-17 04:26:43Z INFO HostContext] No proxy settings were found based on environmental variables (http_proxy/https_proxy/HTTP_PROXY/HTTPS_PROXY)
[2025-11-17 04:26:43Z INFO HostContext] Well known directory 'Bin': 'D:\a_show\SmartVision2版\SmartVision\actions-runner\bin'
[2025-11-17 04:26:43Z INFO HostContext] Well known directory 'Root': 'D:\a_show\SmartVision2版\SmartVision\actions-runner'
[2025-11-17 04:26:43Z INFO HostContext] Well known config file 'Credentials': 'D:\a_show\SmartVision2版\SmartVision\actions-runner\.credentials'
[2025-11-17 04:26:43Z INFO HostContext] Well known directory 'Bin': 'D:\a_show\SmartVision2版\SmartVision\actions-runner\bin'
[2025-11-17 04:26:43Z INFO HostContext] Well known directory 'Root': 'D:\a_show\SmartVision2版\SmartVision\actions-runner'
[2025-11-17 04:26:43Z INFO HostContext] Well known config file 'Runner': 'D:\a_show\SmartVision2版\SmartVision\actions-runner\.runner'
[2025-11-17 04:26:43Z INFO Listener] Runner is built for Windows (X64) - win-x64.
[2025-11-17 04:26:43Z INFO Listener] RuntimeInformation: Microsoft Windows 10.0.26200.
[2025-11-17 04:26:43Z INFO Listener] Version: 2.311.0
[2025-11-17 04:26:43Z INFO Listener] Commit: f5cff308c83746dddd726a9a28a1583872305aaa
[2025-11-17 04:26:43Z INFO Listener] Culture: zh-CN
[2025-11-17 04:26:43Z INFO Listener] UI Culture: zh-CN
[2025-11-17 04:26:43Z INFO HostContext] Well known directory 'Bin': 'D:\a_show\SmartVision2版\SmartVision\actions-runner\bin'
[2025-11-17 04:26:43Z INFO HostContext] Well known directory 'Root': 'D:\a_show\SmartVision2版\SmartVision\actions-runner'
[2025-11-17 04:26:43Z INFO Listener] Validating directory permissions for: 'D:\a_show\SmartVision2版\SmartVision\actions-runner'
[2025-11-17 04:26:43Z INFO CommandLineParser] Parse
[2025-11-17 04:26:43Z INFO CommandLineParser] Parsing 5 args
[2025-11-17 04:26:43Z INFO CommandLineParser] parsing argument
[2025-11-17 04:26:43Z INFO CommandLineParser] HasArgs: False
[2025-11-17 04:26:43Z INFO CommandLineParser] Adding Command: configure
[2025-11-17 04:26:43Z INFO CommandLineParser] parsing argument
[2025-11-17 04:26:43Z INFO CommandLineParser] HasArgs: True
[2025-11-17 04:26:43Z INFO CommandLineParser] arg: url
[2025-11-17 04:26:43Z INFO CommandLineParser] parsing argument
[2025-11-17 04:26:43Z INFO CommandLineParser] HasArgs: True
[2025-11-17 04:26:43Z INFO CommandLineParser] Adding option 'url': 'https://github.com/akita-dot/smartvision'
[2025-11-17 04:26:43Z INFO CommandLineParser] parsing argument
[2025-11-17 04:26:43Z INFO CommandLineParser] HasArgs: True
[2025-11-17 04:26:43Z INFO CommandLineParser] arg: token
[2025-11-17 04:26:43Z INFO CommandLineParser] parsing argument
[2025-11-17 04:26:43Z INFO CommandLineParser] HasArgs: True
[2025-11-17 04:26:43Z INFO CommandLineParser] Adding option 'token': '***'
[2025-11-17 04:26:43Z INFO Listener] Arguments parsed
[2025-11-17 04:26:43Z INFO Runner] ExecuteCommand
[2025-11-17 04:26:43Z INFO ConfigurationStore] currentAssemblyLocation: D:\a_show\SmartVision2版\SmartVision\actions-runner\bin\Runner.Listener.dll
[2025-11-17 04:26:43Z INFO HostContext] Well known directory 'Bin': 'D:\a_show\SmartVision2版\SmartVision\actions-runner\bin'
[2025-11-17 04:26:43Z INFO ConfigurationStore] binPath: D:\a_show\SmartVision2版\SmartVision\actions-runner\bin
[2025-11-17 04:26:43Z INFO HostContext] Well known directory 'Bin': 'D:\a_show\SmartVision2版\SmartVision\actions-runner\bin'
[2025-11-17 04:26:43Z INFO HostContext] Well known directory 'Root': 'D:\a_show\SmartVision2版\SmartVision\actions-runner'
[2025-11-17 04:26:43Z INFO ConfigurationStore] RootFolder: D:\a_show\SmartVision2版\SmartVision\actions-runner
[2025-11-17 04:26:43Z INFO HostContext] Well known directory 'Bin': 'D:\a_show\SmartVision2版\SmartVision\actions-runner\bin'
[2025-11-17 04:26:43Z INFO HostContext] Well known directory 'Root': 'D:\a_show\SmartVision2版\SmartVision\actions-runner'
[2025-11-17 04:26:43Z INFO HostContext] Well known config file 'Runner': 'D:\a_show\SmartVision2版\SmartVision\actions-runner\.runner'
[2025-11-17 04:26:43Z INFO ConfigurationStore] ConfigFilePath: D:\a_show\SmartVision2版\SmartVision\actions-runner\.runner
[2025-11-17 04:26:43Z INFO HostContext] Well known directory 'Bin': 'D:\a_show\SmartVision2版\SmartVision\actions-runner\bin'
[2025-11-17 04:26:43Z INFO HostContext] Well known directory 'Root': 'D:\a_show\SmartVision2版\SmartVision\actions-runner'
[2025-11-17 04:26:43Z INFO HostContext] Well known config file 'Credentials': 'D:\a_show\SmartVision2版\SmartVision\actions-runner\.credentials'
[2025-11-17 04:26:43Z INFO ConfigurationStore] CredFilePath: D:\a_show\SmartVision2版\SmartVision\actions-runner\.credentials
[2025-11-17 04:26:43Z INFO HostContext] Well known directory 'Bin': 'D:\a_show\SmartVision2版\SmartVision\actions-runner\bin'
[2025-11-17 04:26:43Z INFO HostContext] Well known directory 'Root': 'D:\a_show\SmartVision2版\SmartVision\actions-runner'
[2025-11-17 04:26:43Z INFO HostContext] Well known config file 'MigratedCredentials': 'D:\a_show\SmartVision2版\SmartVision\actions-runner\.credentials_migrated'
[2025-11-17 04:26:43Z INFO ConfigurationStore] MigratedCredFilePath: D:\a_show\SmartVision2版\SmartVision\actions-runner\.credentials_migrated
[2025-11-17 04:26:43Z INFO HostContext] Well known directory 'Bin': 'D:\a_show\SmartVision2版\SmartVision\actions-runner\bin'
[2025-11-17 04:26:43Z INFO HostContext] Well known directory 'Root': 'D:\a_show\SmartVision2版\SmartVision\actions-runner'
[2025-11-17 04:26:43Z INFO HostContext] Well known config file 'Service': 'D:\a_show\SmartVision2版\SmartVision\actions-runner\.service'
[2025-11-17 04:26:43Z INFO ConfigurationStore] ServiceConfigFilePath: D:\a_show\SmartVision2版\SmartVision\actions-runner\.service
[2025-11-17 04:26:43Z INFO CommandSettings] Flag 'help': 'False'
[2025-11-17 04:26:43Z INFO CommandSettings] Flag 'version': 'False'
[2025-11-17 04:26:43Z INFO CommandSettings] Flag 'commit': 'False'
[2025-11-17 04:26:43Z INFO CommandSettings] Flag 'check': 'False'
[2025-11-17 04:26:43Z INFO CommandSettings] Command 'configure': 'True'
[2025-11-17 04:26:43Z INFO Terminal] WRITE LINE: 
[2025-11-17 04:26:43Z INFO Terminal] WRITE LINE: --------------------------------------------------------------------------------
[2025-11-17 04:26:43Z INFO Terminal] WRITE LINE: |        ____ _ _   _   _       _          _        _   _                      |
[2025-11-17 04:26:43Z INFO Terminal] WRITE LINE: |       / ___(_) |_| | | |_   _| |__      / \   ___| |_(_) ___  _ __  ___      |
[2025-11-17 04:26:43Z INFO Terminal] WRITE LINE: |      | |  _| | __| |_| | | | | '_ \    / _ \ / __| __| |/ _ \| '_ \/ __|     |
[2025-11-17 04:26:43Z INFO Terminal] WRITE LINE: |      | |_| | | |_|  _  | |_| | |_) |  / ___ \ (__| |_| | (_) | | | \__ \     |
[2025-11-17 04:26:43Z INFO Terminal] WRITE LINE: |       \____|_|\__|_| |_|\__,_|_.__/  /_/   \_\___|\__|_|\___/|_| |_|___/     |
[2025-11-17 04:26:43Z INFO Terminal] WRITE LINE: |                                                                              |
[2025-11-17 04:26:43Z INFO Terminal] WRITE: |                       
[2025-11-17 04:26:43Z INFO Terminal] WRITE: Self-hosted runner registration
[2025-11-17 04:26:43Z INFO Terminal] WRITE LINE:                         |
[2025-11-17 04:26:43Z INFO Terminal] WRITE LINE: |                                                                              |
[2025-11-17 04:26:43Z INFO Terminal] WRITE LINE: --------------------------------------------------------------------------------
[2025-11-17 04:26:43Z INFO ConfigurationManager] ConfigureAsync
[2025-11-17 04:26:43Z INFO CommandSettings] Flag 'generateServiceConfig': 'False'
[2025-11-17 04:26:43Z INFO ConfigurationStore] IsConfigured()
[2025-11-17 04:26:43Z INFO ConfigurationStore] IsConfigured: False
[2025-11-17 04:26:43Z INFO ConfigurationManager] Is configured: False
[2025-11-17 04:26:43Z INFO CommandSettings] Arg 'url': 'https://github.com/akita-dot/smartvision'
[2025-11-17 04:26:43Z INFO CommandSettings] Remove url from Arg dictionary.
[2025-11-17 04:26:43Z INFO CommandSettings] Arg 'token': '***'
[2025-11-17 04:26:43Z INFO CommandSettings] Remove token from Arg dictionary.
[2025-11-17 04:26:44Z INFO ConfigurationManager] Http response code: OK from 'POST https://api.github.com/actions/runner-registration' (D441:793FA:20FA5C:257CF4:691AA412)
[2025-11-17 04:26:44Z INFO ConfigurationManager] Using V2 flow: False
[2025-11-17 04:26:44Z INFO ConfigurationManager] cred retrieved via GitHub auth
[2025-11-17 04:26:44Z INFO RunnerServer] EstablishVssConnection
[2025-11-17 04:26:44Z INFO RunnerServer] Establish connection with 100 seconds timeout.
[2025-11-17 04:26:44Z INFO GitHubActionsService] Starting operation Location.GetConnectionData
[2025-11-17 04:26:44Z INFO RunnerServer] EstablishVssConnection
[2025-11-17 04:26:44Z INFO RunnerServer] Establish connection with 60 seconds timeout.
[2025-11-17 04:26:44Z INFO GitHubActionsService] Starting operation Location.GetConnectionData
[2025-11-17 04:26:44Z INFO RunnerServer] EstablishVssConnection
[2025-11-17 04:26:44Z INFO RunnerServer] Establish connection with 60 seconds timeout.
[2025-11-17 04:26:44Z INFO GitHubActionsService] Starting operation Location.GetConnectionData
[2025-11-17 04:26:45Z INFO GitHubActionsService] Finished operation Location.GetConnectionData
[2025-11-17 04:26:45Z INFO GitHubActionsService] Finished operation Location.GetConnectionData
[2025-11-17 04:26:46Z INFO GitHubActionsService] Finished operation Location.GetConnectionData
[2025-11-17 04:26:46Z INFO Terminal] WRITE LINE: 
[2025-11-17 04:26:46Z INFO ConfigurationManager] Test Connection complete.
[2025-11-17 04:26:46Z INFO HostContext] Well known directory 'Bin': 'D:\a_show\SmartVision2版\SmartVision\actions-runner\bin'
[2025-11-17 04:26:46Z INFO HostContext] Well known directory 'Root': 'D:\a_show\SmartVision2版\SmartVision\actions-runner'
[2025-11-17 04:26:46Z INFO HostContext] Well known config file 'RSACredentials': 'D:\a_show\SmartVision2版\SmartVision\actions-runner\.credentials_rsaparams'
[2025-11-17 04:26:46Z INFO RSAEncryptedFileKeyManager] Creating new RSA key using 2048-bit key length
[2025-11-17 04:26:46Z INFO RSAEncryptedFileKeyManager] Successfully saved RSA key parameters to file D:\a_show\SmartVision2版\SmartVision\actions-runner\.credentials_rsaparams
[2025-11-17 04:26:46Z INFO CommandSettings] Arg 'runnergroup': ''
[2025-11-17 04:26:46Z INFO CommandSettings] Flag 'unattended': 'False'
[2025-11-17 04:26:46Z INFO PromptManager] ReadValue
[2025-11-17 04:26:46Z INFO Terminal] WRITE: Enter the name of the runner group to add this runner to: 
[2025-11-17 04:26:46Z INFO Terminal] WRITE: [press Enter for Default] 
[2025-11-17 04:26:46Z INFO Terminal] READ LINE
[2025-11-17 04:26:55Z INFO Terminal] Read value: ''
[2025-11-17 04:26:55Z INFO PromptManager] Falling back to the default: 'Default'
[2025-11-17 04:26:55Z INFO Terminal] WRITE LINE: 
[2025-11-17 04:26:55Z INFO ConfigurationManager] Found a self-hosted runner group with id 1 and name Default
[2025-11-17 04:26:55Z INFO CommandSettings] Flag 'disableupdate': 'False'
[2025-11-17 04:26:55Z INFO CommandSettings] Flag 'ephemeral': 'False'
[2025-11-17 04:26:55Z INFO CommandSettings] Arg 'name': ''
[2025-11-17 04:26:55Z INFO CommandSettings] Flag 'unattended': 'False'
[2025-11-17 04:26:55Z INFO PromptManager] ReadValue
[2025-11-17 04:26:55Z INFO Terminal] WRITE: Enter the name of runner: 
[2025-11-17 04:26:55Z INFO Terminal] WRITE: [press Enter for AKITA] 
[2025-11-17 04:26:55Z INFO Terminal] READ LINE
[2025-11-17 04:26:57Z INFO Terminal] Read value: ''
[2025-11-17 04:26:57Z INFO PromptManager] Falling back to the default: 'AKITA'
[2025-11-17 04:26:57Z INFO Terminal] WRITE LINE: 
[2025-11-17 04:26:57Z INFO CommandSettings] Arg 'labels': ''
[2025-11-17 04:26:57Z INFO CommandSettings] Flag 'unattended': 'False'
[2025-11-17 04:26:57Z INFO PromptManager] ReadValue
[2025-11-17 04:26:57Z INFO Terminal] WRITE: This runner will have the following labels: 'self-hosted', 'Windows', 'X64' 
Enter any additional labels (ex. label-1,label-2): 
[2025-11-17 04:26:57Z INFO Terminal] WRITE: [press Enter to skip] 
[2025-11-17 04:26:57Z INFO Terminal] READ LINE
[2025-11-17 04:27:01Z INFO Terminal] Read value: ''
[2025-11-17 04:27:01Z INFO Terminal] WRITE LINE: 
[2025-11-17 04:27:01Z INFO CommandSettings] Flag 'disableupdate': 'False'
[2025-11-17 04:27:01Z INFO CommandSettings] Flag 'no-default-labels': 'False'
[2025-11-17 04:27:01Z INFO CommandSettings] Flag 'disableupdate': 'False'
[2025-11-17 04:27:01Z INFO CommandSettings] Flag 'ephemeral': 'False'
[2025-11-17 04:27:01Z INFO ConfigurationStore] Saving OAuth credential @ D:\a_show\SmartVision2版\SmartVision\actions-runner\.credentials
[2025-11-17 04:27:01Z INFO ConfigurationStore] Credentials Saved.
[2025-11-17 04:27:01Z INFO ConfigurationStore] HasCredentials()
[2025-11-17 04:27:01Z INFO ConfigurationStore] stored True
[2025-11-17 04:27:01Z INFO CredentialManager] GetCredentialProvider
[2025-11-17 04:27:01Z INFO CredentialManager] Creating type OAuth
[2025-11-17 04:27:01Z INFO CredentialManager] Creating credential type: OAuth
[2025-11-17 04:27:01Z INFO RSAEncryptedFileKeyManager] Loading RSA key parameters from file D:\a_show\SmartVision2版\SmartVision\actions-runner\.credentials_rsaparams
[2025-11-17 04:27:01Z INFO RunnerServer] EstablishVssConnection
[2025-11-17 04:27:01Z INFO RunnerServer] Establish connection with 100 seconds timeout.
[2025-11-17 04:27:01Z INFO GitHubActionsService] Starting operation Location.GetConnectionData
[2025-11-17 04:27:01Z INFO RunnerServer] EstablishVssConnection
[2025-11-17 04:27:01Z INFO RunnerServer] Establish connection with 60 seconds timeout.
[2025-11-17 04:27:01Z INFO GitHubActionsService] Starting operation Location.GetConnectionData
[2025-11-17 04:27:01Z INFO RunnerServer] EstablishVssConnection
[2025-11-17 04:27:01Z INFO RunnerServer] Establish connection with 60 seconds timeout.
[2025-11-17 04:27:01Z INFO GitHubActionsService] Starting operation Location.GetConnectionData
[2025-11-17 04:27:02Z INFO GitHubActionsService] Finished operation Location.GetConnectionData
[2025-11-17 04:27:02Z INFO GitHubActionsService] Finished operation Location.GetConnectionData
[2025-11-17 04:27:03Z INFO GitHubActionsService] Finished operation Location.GetConnectionData
[2025-11-17 04:27:03Z INFO RSAEncryptedFileKeyManager] Loading RSA key parameters from file D:\a_show\SmartVision2版\SmartVision\actions-runner\.credentials_rsaparams
[2025-11-17 04:27:03Z INFO RSAEncryptedFileKeyManager] Loading RSA key parameters from file D:\a_show\SmartVision2版\SmartVision\actions-runner\.credentials_rsaparams
[2025-11-17 04:27:04Z INFO GitHubActionsService] AAD Correlation ID for this token request: Unknown
[2025-11-17 04:27:04Z INFO CommandSettings] Arg 'work': ''
[2025-11-17 04:27:04Z INFO CommandSettings] Flag 'unattended': 'False'
[2025-11-17 04:27:04Z INFO PromptManager] ReadValue
[2025-11-17 04:27:04Z INFO Terminal] WRITE: Enter name of work folder: 
[2025-11-17 04:27:04Z INFO Terminal] WRITE: [press Enter for _work] 
[2025-11-17 04:27:04Z INFO Terminal] READ LINE
[2025-11-17 04:27:08Z INFO Terminal] Read value: ''
[2025-11-17 04:27:08Z INFO PromptManager] Falling back to the default: '_work'
[2025-11-17 04:27:08Z INFO ConfigurationStore] Saving runner settings.
[2025-11-17 04:27:08Z INFO ConfigurationStore] Settings Saved.
[2025-11-17 04:27:08Z INFO Terminal] WRITE LINE: 
[2025-11-17 04:27:08Z INFO Terminal] WRITE LINE: 
[2025-11-17 04:27:08Z INFO CommandSettings] Flag 'runasservice': 'False'
[2025-11-17 04:27:08Z INFO CommandSettings] Flag 'unattended': 'False'
[2025-11-17 04:27:08Z INFO PromptManager] ReadValue
[2025-11-17 04:27:08Z INFO Terminal] WRITE: Would you like to run the runner as service? (Y/N) 
[2025-11-17 04:27:08Z INFO Terminal] WRITE: [press Enter for N] 
[2025-11-17 04:27:08Z INFO Terminal] READ LINE
[2025-11-17 04:27:08Z INFO Terminal] Read value: ''
[2025-11-17 04:27:08Z INFO PromptManager] Falling back to the default: 'N'
[2025-11-17 04:27:08Z INFO Listener] Runner execution has finished with return code 0
